cowatch-android/app/build/intermediates/manifest_merge_blame_file/debug/manifest-merger-blame-debug-report.txt
1<?xml version="1.0" encoding="utf-8"?>
2<manifest xmlns:android="http://schemas.android.com/apk/res/android"
3    package="com.cowatch.app"
4    android:versionCode="1"
5    android:versionName="1.0" >
6
7    <uses-sdk
8        android:minSdkVersion="26"
9        android:targetSdkVersion="34" />
10
11    <!-- Network & Connectivity Permissions -->
12    <uses-permission android:name="android.permission.INTERNET" />
12-->src\main\AndroidManifest.xml:6:5-67
12-->src\main\AndroidManifest.xml:6:22-64
13    <uses-permission android:name="android.permission.ACCESS_NETWORK_STATE" />
13-->src\main\AndroidManifest.xml:7:5-79
13-->src\main\AndroidManifest.xml:7:22-76
14    <uses-permission android:name="android.permission.MODIFY_AUDIO_SETTINGS" />
14-->src\main\AndroidManifest.xml:8:5-80
14-->src\main\AndroidManifest.xml:8:22-77
15
16    <!-- WebRTC Camera & Microphone Permissions -->
17    <uses-permission android:name="android.permission.CAMERA" />
17-->src\main\AndroidManifest.xml:11:5-65
17-->src\main\AndroidManifest.xml:11:22-62
18    <uses-permission android:name="android.permission.RECORD_AUDIO" />
18-->src\main\AndroidManifest.xml:12:5-71
18-->src\main\AndroidManifest.xml:12:22-68
19
20    <!-- File Upload Permissions (For media files) -->
21    <uses-permission android:name="android.permission.READ_MEDIA_VIDEO" />
21-->src\main\AndroidManifest.xml:15:5-75
21-->src\main\AndroidManifest.xml:15:22-72
22    <uses-permission
22-->src\main\AndroidManifest.xml:16:5-107
23        android:name="android.permission.READ_EXTERNAL_STORAGE"
23-->src\main\AndroidManifest.xml:16:22-77
24        android:maxSdkVersion="32" />
24-->src\main\AndroidManifest.xml:16:78-104
25
26    <!-- Feature Requirements for Play Store Filtering -->
27    <uses-feature
27-->src\main\AndroidManifest.xml:19:5-85
28        android:name="android.hardware.camera"
28-->src\main\AndroidManifest.xml:19:19-57
29        android:required="false" />
29-->src\main\AndroidManifest.xml:19:58-82
30    <uses-feature
30-->src\main\AndroidManifest.xml:20:5-89
31        android:name="android.hardware.microphone"
31-->src\main\AndroidManifest.xml:20:19-61
32        android:required="false" />
32-->src\main\AndroidManifest.xml:20:62-86
33
34    <permission
34-->[androidx.core:core:1.12.0] AndroidManifest.xml:22:5-24:47
35        android:name="com.cowatch.app.DYNAMIC_RECEIVER_NOT_EXPORTED_PERMISSION"
35-->[androidx.core:core:1.12.0] AndroidManifest.xml:23:9-81
36        android:protectionLevel="signature" />
36-->[androidx.core:core:1.12.0] AndroidManifest.xml:24:9-44
37
38    <uses-permission android:name="com.cowatch.app.DYNAMIC_RECEIVER_NOT_EXPORTED_PERMISSION" />
38-->[androidx.core:core:1.12.0] AndroidManifest.xml:26:5-97
38-->[androidx.core:core:1.12.0] AndroidManifest.xml:26:22-94
39
40    <application
40-->src\main\AndroidManifest.xml:22:5-56:19
41        android:allowBackup="true"
41-->src\main\AndroidManifest.xml:23:9-35
42        android:appComponentFactory="androidx.core.app.CoreComponentFactory"
42-->[androidx.core:core:1.12.0] AndroidManifest.xml:28:18-86
43        android:debuggable="true"
44        android:extractNativeLibs="false"
45        android:hardwareAccelerated="true"
45-->src\main\AndroidManifest.xml:29:9-43
46        android:icon="@drawable/ic_launcher"
46-->src\main\AndroidManifest.xml:24:9-45
47        android:label="CoWatch"
47-->src\main\AndroidManifest.xml:25:9-32
48        android:roundIcon="@drawable/ic_launcher"
48-->src\main\AndroidManifest.xml:26:9-50
49        android:supportsRtl="true"
49-->src\main\AndroidManifest.xml:27:9-35
50        android:theme="@style/Theme.AppCompat.NoActionBar"
50-->src\main\AndroidManifest.xml:28:9-59
51        android:usesCleartextTraffic="true" >
51-->src\main\AndroidManifest.xml:30:9-44
52        <activity
52-->src\main\AndroidManifest.xml:32:9-55:20
53            android:name="com.cowatch.app.MainActivity"
53-->src\main\AndroidManifest.xml:33:13-41
54            android:configChanges="orientation|screenSize|keyboardHidden|layoutDirection"
54-->src\main\AndroidManifest.xml:36:13-90
55            android:exported="true"
55-->src\main\AndroidManifest.xml:34:13-36
56            android:launchMode="singleTask" >
56-->src\main\AndroidManifest.xml:35:13-44
57            <intent-filter>
57-->src\main\AndroidManifest.xml:37:13-40:29
58                <action android:name="android.intent.action.MAIN" />
58-->src\main\AndroidManifest.xml:38:17-69
58-->src\main\AndroidManifest.xml:38:25-66
59
60                <category android:name="android.intent.category.LAUNCHER" />
60-->src\main\AndroidManifest.xml:39:17-77
60-->src\main\AndroidManifest.xml:39:27-74
61            </intent-filter>
62            <intent-filter android:label="CoWatch Login Callback" >
62-->src\main\AndroidManifest.xml:41:13-46:29
62-->src\main\AndroidManifest.xml:41:28-66
63                <action android:name="android.intent.action.VIEW" />
63-->src\main\AndroidManifest.xml:42:17-69
63-->src\main\AndroidManifest.xml:42:25-66
64
65                <category android:name="android.intent.category.DEFAULT" />
65-->src\main\AndroidManifest.xml:43:17-76
65-->src\main\AndroidManifest.xml:43:27-73
66                <category android:name="android.intent.category.BROWSABLE" />
66-->src\main\AndroidManifest.xml:44:17-78
66-->src\main\AndroidManifest.xml:44:27-75
67
68                <data
68-->src\main\AndroidManifest.xml:45:17-80
69                    android:host="login-callback"
69-->src\main\AndroidManifest.xml:45:48-77
70                    android:scheme="cowatch" />
70-->src\main\AndroidManifest.xml:45:23-47
71            </intent-filter>
72            <intent-filter
72-->src\main\AndroidManifest.xml:47:13-54:29
73                android:autoVerify="true"
73-->src\main\AndroidManifest.xml:47:65-90
74                android:label="CoWatch Web Callback" >
74-->src\main\AndroidManifest.xml:47:28-64
75                <action android:name="android.intent.action.VIEW" />
75-->src\main\AndroidManifest.xml:42:17-69
75-->src\main\AndroidManifest.xml:42:25-66
76
77                <category android:name="android.intent.category.DEFAULT" />
77-->src\main\AndroidManifest.xml:43:17-76
77-->src\main\AndroidManifest.xml:43:27-73
78                <category android:name="android.intent.category.BROWSABLE" />
78-->src\main\AndroidManifest.xml:44:17-78
78-->src\main\AndroidManifest.xml:44:27-75
79
80                <data android:scheme="http" />
80-->src\main\AndroidManifest.xml:45:17-80
80-->src\main\AndroidManifest.xml:45:23-47
81                <data android:scheme="https" />
81-->src\main\AndroidManifest.xml:45:17-80
81-->src\main\AndroidManifest.xml:45:23-47
82                <data android:host="cowatch-theta.vercel.app" />
82-->src\main\AndroidManifest.xml:45:17-80
82-->src\main\AndroidManifest.xml:45:48-77
83            </intent-filter>
84        </activity>
85
86        <provider
86-->[androidx.emoji2:emoji2:1.2.0] AndroidManifest.xml:24:9-32:20
87            android:name="androidx.startup.InitializationProvider"
87-->[androidx.emoji2:emoji2:1.2.0] AndroidManifest.xml:25:13-67
88            android:authorities="com.cowatch.app.androidx-startup"
88-->[androidx.emoji2:emoji2:1.2.0] AndroidManifest.xml:26:13-68
89            android:exported="false" >
89-->[androidx.emoji2:emoji2:1.2.0] AndroidManifest.xml:27:13-37
90            <meta-data
90-->[androidx.emoji2:emoji2:1.2.0] AndroidManifest.xml:29:13-31:52
91                android:name="androidx.emoji2.text.EmojiCompatInitializer"
91-->[androidx.emoji2:emoji2:1.2.0] AndroidManifest.xml:30:17-75
92                android:value="androidx.startup" />
92-->[androidx.emoji2:emoji2:1.2.0] AndroidManifest.xml:31:17-49
93            <meta-data
93-->[androidx.lifecycle:lifecycle-process:2.6.1] AndroidManifest.xml:29:13-31:52
94                android:name="androidx.lifecycle.ProcessLifecycleInitializer"
94-->[androidx.lifecycle:lifecycle-process:2.6.1] AndroidManifest.xml:30:17-78
95                android:value="androidx.startup" />
95-->[androidx.lifecycle:lifecycle-process:2.6.1] AndroidManifest.xml:31:17-49
96            <meta-data
96-->[androidx.profileinstaller:profileinstaller:1.3.0] AndroidManifest.xml:29:13-31:52
97                android:name="androidx.profileinstaller.ProfileInstallerInitializer"
97-->[androidx.profileinstaller:profileinstaller:1.3.0] AndroidManifest.xml:30:17-85
98                android:value="androidx.startup" />
98-->[androidx.profileinstaller:profileinstaller:1.3.0] AndroidManifest.xml:31:17-49
99        </provider>
100
101        <receiver
101-->[androidx.profileinstaller:profileinstaller:1.3.0] AndroidManifest.xml:34:9-52:20
102            android:name="androidx.profileinstaller.ProfileInstallReceiver"
102-->[androidx.profileinstaller:profileinstaller:1.3.0] AndroidManifest.xml:35:13-76
103            android:directBootAware="false"
103-->[androidx.profileinstaller:profileinstaller:1.3.0] AndroidManifest.xml:36:13-44
104            android:enabled="true"
104-->[androidx.profileinstaller:profileinstaller:1.3.0] AndroidManifest.xml:37:13-35
105            android:exported="true"
105-->[androidx.profileinstaller:profileinstaller:1.3.0] AndroidManifest.xml:38:13-36
106            android:permission="android.permission.DUMP" >
106-->[androidx.profileinstaller:profileinstaller:1.3.0] AndroidManifest.xml:39:13-57
107            <intent-filter>
107-->[androidx.profileinstaller:profileinstaller:1.3.0] AndroidManifest.xml:40:13-42:29
108                <action android:name="androidx.profileinstaller.action.INSTALL_PROFILE" />
108-->[androidx.profileinstaller:profileinstaller:1.3.0] AndroidManifest.xml:41:17-91
108-->[androidx.profileinstaller:profileinstaller:1.3.0] AndroidManifest.xml:41:25-88
109            </intent-filter>
110            <intent-filter>
110-->[androidx.profileinstaller:profileinstaller:1.3.0] AndroidManifest.xml:43:13-45:29
111                <action android:name="androidx.profileinstaller.action.SKIP_FILE" />
111-->[androidx.profileinstaller:profileinstaller:1.3.0] AndroidManifest.xml:44:17-85
111-->[androidx.profileinstaller:profileinstaller:1.3.0] AndroidManifest.xml:44:25-82
112            </intent-filter>
113            <intent-filter>
113-->[androidx.profileinstaller:profileinstaller:1.3.0] AndroidManifest.xml:46:13-48:29
114                <action android:name="androidx.profileinstaller.action.SAVE_PROFILE" />
114-->[androidx.profileinstaller:profileinstaller:1.3.0] AndroidManifest.xml:47:17-88
114-->[androidx.profileinstaller:profileinstaller:1.3.0] AndroidManifest.xml:47:25-85
115            </intent-filter>
116            <intent-filter>
116-->[androidx.profileinstaller:profileinstaller:1.3.0] AndroidManifest.xml:49:13-51:29
117                <action android:name="androidx.profileinstaller.action.BENCHMARK_OPERATION" />
117-->[androidx.profileinstaller:profileinstaller:1.3.0] AndroidManifest.xml:50:17-95
117-->[androidx.profileinstaller:profileinstaller:1.3.0] AndroidManifest.xml:50:25-92
118            </intent-filter>
119        </receiver>
120    </application>
121
122</manifest>